<?xml version="1.0" encoding="utf-8"?><testsuites><testsuite name="pytest" errors="70" failures="6" skipped="0" tests="82" time="143.558" timestamp="2022-01-27T18:27:24.989640" hostname="ACT-CND0524Y19"><testcase classname="tests.integration.test_argus" name="test_connect_to_Argus_string" time="0.184"><error message="failed on setup with &quot;OSError: [WinError 87] The parameter is incorrect&quot;">args = (), kwargs = {}, var = 'mongo_bin', gen = &lt;generator object mongo_server at 0x000002374E16E5F0&gt;

    @functools.wraps(f)
    def wrapper(*args, **kwargs):
        for var in vars_:
            if not getattr(cfg, var):
                pytest.skip("config variable {0} missing, skipping test".format(var))
        gen = f(*args, **kwargs)
&gt;       yield next(gen)

tests\config.py:54: 
_ _ _ _ _ _ _ _ _ _ _ _ _ _ _ _ _ _ _ _ _ _ _ _ _ _ _ _ _ _ _ _ _ _ _ _ _ _ _ _ _ _ _ _ _ _ _ _ _ _ _ _ _ _ _ _ _ _ _ _ _ _ _ _ _ _ _ _ _ _ _ _ _ _ _ _ _ _ _ _ _ _ _ _ _ _ _ _ _ _ _ _ _ _ _ _ _ _ _ _ _ _ _ _ _ _ _ _ _ _ _ _ _ _ _ _
tests\conftest.py:43: in mongo_server
    for server in _mongo_server():
tests\conftest.py:24: in _mongo_server
    test_server.start()
tests\base2.py:82: in start
    self._server.launch()
tests\thread.py:78: in launch
    self._proc = subprocess.Popen(run_cmd, env=self._env, cwd=self._cwd, **extra_args)
..\..\appdata\local\programs\python\python38\lib\subprocess.py:858: in __init__
    self._execute_child(args, executable, preexec_fn, close_fds,
_ _ _ _ _ _ _ _ _ _ _ _ _ _ _ _ _ _ _ _ _ _ _ _ _ _ _ _ _ _ _ _ _ _ _ _ _ _ _ _ _ _ _ _ _ _ _ _ _ _ _ _ _ _ _ _ _ _ _ _ _ _ _ _ _ _ _ _ _ _ _ _ _ _ _ _ _ _ _ _ _ _ _ _ _ _ _ _ _ _ _ _ _ _ _ _ _ _ _ _ _ _ _ _ _ _ _ _ _ _ _ _ _ _ _ _

self = &lt;subprocess.Popen object at 0x000002374DF95250&gt;, args = 'mongod --bind_ip=127.128.182.16 --port=17571 --syncdelay=0 --nojournal --quiet --dbpath=C:\\Users\\AABRAH~1\\AppData\\Local\\Temp\\tmpu1th0ntd', executable = None
preexec_fn = None, close_fds = True, pass_fds = (), cwd = 'C:\\Users\\AAbrahams\\PycharmProjects\\argus', env = {}, startupinfo = &lt;subprocess.STARTUPINFO object at 0x000002374DF95D30&gt;, creationflags = 0, shell = False, p2cread = -1
p2cwrite = -1, c2pread = -1, c2pwrite = -1, errread = -1, errwrite = -1, unused_restore_signals = True, unused_start_new_session = False

    def _execute_child(self, args, executable, preexec_fn, close_fds,
                       pass_fds, cwd, env,
                       startupinfo, creationflags, shell,
                       p2cread, p2cwrite,
                       c2pread, c2pwrite,
                       errread, errwrite,
                       unused_restore_signals, unused_start_new_session):
        """Execute program (MS Windows version)"""
    
        assert not pass_fds, "pass_fds not supported on Windows."
    
        if isinstance(args, str):
            pass
        elif isinstance(args, bytes):
            if shell:
                raise TypeError('bytes args is not allowed on Windows')
            args = list2cmdline([args])
        elif isinstance(args, os.PathLike):
            if shell:
                raise TypeError('path-like args is not allowed when '
                                'shell is true')
            args = list2cmdline([args])
        else:
            args = list2cmdline(args)
    
        if executable is not None:
            executable = os.fsdecode(executable)
    
        # Process startup details
        if startupinfo is None:
            startupinfo = STARTUPINFO()
        else:
            # bpo-34044: Copy STARTUPINFO since it is modified above,
            # so the caller can reuse it multiple times.
            startupinfo = startupinfo.copy()
    
        use_std_handles = -1 not in (p2cread, c2pwrite, errwrite)
        if use_std_handles:
            startupinfo.dwFlags |= _winapi.STARTF_USESTDHANDLES
            startupinfo.hStdInput = p2cread
            startupinfo.hStdOutput = c2pwrite
            startupinfo.hStdError = errwrite
    
        attribute_list = startupinfo.lpAttributeList
        have_handle_list = bool(attribute_list and
                                "handle_list" in attribute_list and
                                attribute_list["handle_list"])
    
        # If we were given an handle_list or need to create one
        if have_handle_list or (use_std_handles and close_fds):
            if attribute_list is None:
                attribute_list = startupinfo.lpAttributeList = {}
            handle_list = attribute_list["handle_list"] = \
                list(attribute_list.get("handle_list", []))
    
            if use_std_handles:
                handle_list += [int(p2cread), int(c2pwrite), int(errwrite)]
    
            handle_list[:] = self._filter_handle_list(handle_list)
    
            if handle_list:
                if not close_fds:
                    warnings.warn("startupinfo.lpAttributeList['handle_list'] "
                                  "overriding close_fds", RuntimeWarning)
    
                # When using the handle_list we always request to inherit
                # handles but the only handles that will be inherited are
                # the ones in the handle_list
                close_fds = False
    
        if shell:
            startupinfo.dwFlags |= _winapi.STARTF_USESHOWWINDOW
            startupinfo.wShowWindow = _winapi.SW_HIDE
            comspec = os.environ.get("COMSPEC", "cmd.exe")
            args = '{} /c "{}"'.format (comspec, args)
    
        if cwd is not None:
            cwd = os.fsdecode(cwd)
    
        sys.audit("subprocess.Popen", executable, args, cwd, env)
    
        # Start the process
        try:
&gt;           hp, ht, pid, tid = _winapi.CreateProcess(executable, args,
                                     # no special security
                                     None, None,
                                     int(not close_fds),
                                     creationflags,
                                     env,
                                     cwd,
                                     startupinfo)
E                                    OSError: [WinError 87] The parameter is incorrect

..\..\appdata\local\programs\python\python38\lib\subprocess.py:1311: OSError</error></testcase><testcase classname="tests.integration.test_argus" name="test_connect_to_Argus_connection" time="0.096"><error message="failed on setup with &quot;OSError: [WinError 87] The parameter is incorrect&quot;">args = (), kwargs = {}, var = 'mongo_bin', gen = &lt;generator object mongo_server at 0x000002374E007580&gt;

    @functools.wraps(f)
    def wrapper(*args, **kwargs):
        for var in vars_:
            if not getattr(cfg, var):
                pytest.skip("config variable {0} missing, skipping test".format(var))
        gen = f(*args, **kwargs)
&gt;       yield next(gen)

tests\config.py:54: 
_ _ _ _ _ _ _ _ _ _ _ _ _ _ _ _ _ _ _ _ _ _ _ _ _ _ _ _ _ _ _ _ _ _ _ _ _ _ _ _ _ _ _ _ _ _ _ _ _ _ _ _ _ _ _ _ _ _ _ _ _ _ _ _ _ _ _ _ _ _ _ _ _ _ _ _ _ _ _ _ _ _ _ _ _ _ _ _ _ _ _ _ _ _ _ _ _ _ _ _ _ _ _ _ _ _ _ _ _ _ _ _ _ _ _ _
tests\conftest.py:43: in mongo_server
    for server in _mongo_server():
tests\conftest.py:24: in _mongo_server
    test_server.start()
tests\base2.py:82: in start
    self._server.launch()
tests\thread.py:78: in launch
    self._proc = subprocess.Popen(run_cmd, env=self._env, cwd=self._cwd, **extra_args)
..\..\appdata\local\programs\python\python38\lib\subprocess.py:858: in __init__
    self._execute_child(args, executable, preexec_fn, close_fds,
_ _ _ _ _ _ _ _ _ _ _ _ _ _ _ _ _ _ _ _ _ _ _ _ _ _ _ _ _ _ _ _ _ _ _ _ _ _ _ _ _ _ _ _ _ _ _ _ _ _ _ _ _ _ _ _ _ _ _ _ _ _ _ _ _ _ _ _ _ _ _ _ _ _ _ _ _ _ _ _ _ _ _ _ _ _ _ _ _ _ _ _ _ _ _ _ _ _ _ _ _ _ _ _ _ _ _ _ _ _ _ _ _ _ _ _

self = &lt;subprocess.Popen object at 0x000002374E4AF7F0&gt;, args = 'mongod --bind_ip=127.128.182.16 --port=18931 --syncdelay=0 --nojournal --quiet --dbpath=C:\\Users\\AABRAH~1\\AppData\\Local\\Temp\\tmpaecbdw8_', executable = None
preexec_fn = None, close_fds = True, pass_fds = (), cwd = 'C:\\Users\\AAbrahams\\PycharmProjects\\argus', env = {}, startupinfo = &lt;subprocess.STARTUPINFO object at 0x000002374E4AF910&gt;, creationflags = 0, shell = False, p2cread = -1
p2cwrite = -1, c2pread = -1, c2pwrite = -1, errread = -1, errwrite = -1, unused_restore_signals = True, unused_start_new_session = False

    def _execute_child(self, args, executable, preexec_fn, close_fds,
                       pass_fds, cwd, env,
                       startupinfo, creationflags, shell,
                       p2cread, p2cwrite,
                       c2pread, c2pwrite,
                       errread, errwrite,
                       unused_restore_signals, unused_start_new_session):
        """Execute program (MS Windows version)"""
    
        assert not pass_fds, "pass_fds not supported on Windows."
    
        if isinstance(args, str):
            pass
        elif isinstance(args, bytes):
            if shell:
                raise TypeError('bytes args is not allowed on Windows')
            args = list2cmdline([args])
        elif isinstance(args, os.PathLike):
            if shell:
                raise TypeError('path-like args is not allowed when '
                                'shell is true')
            args = list2cmdline([args])
        else:
            args = list2cmdline(args)
    
        if executable is not None:
            executable = os.fsdecode(executable)
    
        # Process startup details
        if startupinfo is None:
            startupinfo = STARTUPINFO()
        else:
            # bpo-34044: Copy STARTUPINFO since it is modified above,
            # so the caller can reuse it multiple times.
            startupinfo = startupinfo.copy()
    
        use_std_handles = -1 not in (p2cread, c2pwrite, errwrite)
        if use_std_handles:
            startupinfo.dwFlags |= _winapi.STARTF_USESTDHANDLES
            startupinfo.hStdInput = p2cread
            startupinfo.hStdOutput = c2pwrite
            startupinfo.hStdError = errwrite
    
        attribute_list = startupinfo.lpAttributeList
        have_handle_list = bool(attribute_list and
                                "handle_list" in attribute_list and
                                attribute_list["handle_list"])
    
        # If we were given an handle_list or need to create one
        if have_handle_list or (use_std_handles and close_fds):
            if attribute_list is None:
                attribute_list = startupinfo.lpAttributeList = {}
            handle_list = attribute_list["handle_list"] = \
                list(attribute_list.get("handle_list", []))
    
            if use_std_handles:
                handle_list += [int(p2cread), int(c2pwrite), int(errwrite)]
    
            handle_list[:] = self._filter_handle_list(handle_list)
    
            if handle_list:
                if not close_fds:
                    warnings.warn("startupinfo.lpAttributeList['handle_list'] "
                                  "overriding close_fds", RuntimeWarning)
    
                # When using the handle_list we always request to inherit
                # handles but the only handles that will be inherited are
                # the ones in the handle_list
                close_fds = False
    
        if shell:
            startupinfo.dwFlags |= _winapi.STARTF_USESHOWWINDOW
            startupinfo.wShowWindow = _winapi.SW_HIDE
            comspec = os.environ.get("COMSPEC", "cmd.exe")
            args = '{} /c "{}"'.format (comspec, args)
    
        if cwd is not None:
            cwd = os.fsdecode(cwd)
    
        sys.audit("subprocess.Popen", executable, args, cwd, env)
    
        # Start the process
        try:
&gt;           hp, ht, pid, tid = _winapi.CreateProcess(executable, args,
                                     # no special security
                                     None, None,
                                     int(not close_fds),
                                     creationflags,
                                     env,
                                     cwd,
                                     startupinfo)
E                                    OSError: [WinError 87] The parameter is incorrect

..\..\appdata\local\programs\python\python38\lib\subprocess.py:1311: OSError</error></testcase><testcase classname="tests.integration.test_argus" name="test_reset_Argus" time="0.093"><error message="failed on setup with &quot;OSError: [WinError 87] The parameter is incorrect&quot;">args = (), kwargs = {}, var = 'mongo_bin', gen = &lt;generator object mongo_server at 0x000002374DBAC510&gt;

    @functools.wraps(f)
    def wrapper(*args, **kwargs):
        for var in vars_:
            if not getattr(cfg, var):
                pytest.skip("config variable {0} missing, skipping test".format(var))
        gen = f(*args, **kwargs)
&gt;       yield next(gen)

tests\config.py:54: 
_ _ _ _ _ _ _ _ _ _ _ _ _ _ _ _ _ _ _ _ _ _ _ _ _ _ _ _ _ _ _ _ _ _ _ _ _ _ _ _ _ _ _ _ _ _ _ _ _ _ _ _ _ _ _ _ _ _ _ _ _ _ _ _ _ _ _ _ _ _ _ _ _ _ _ _ _ _ _ _ _ _ _ _ _ _ _ _ _ _ _ _ _ _ _ _ _ _ _ _ _ _ _ _ _ _ _ _ _ _ _ _ _ _ _ _
tests\conftest.py:43: in mongo_server
    for server in _mongo_server():
tests\conftest.py:24: in _mongo_server
    test_server.start()
tests\base2.py:82: in start
    self._server.launch()
tests\thread.py:78: in launch
    self._proc = subprocess.Popen(run_cmd, env=self._env, cwd=self._cwd, **extra_args)
..\..\appdata\local\programs\python\python38\lib\subprocess.py:858: in __init__
    self._execute_child(args, executable, preexec_fn, close_fds,
_ _ _ _ _ _ _ _ _ _ _ _ _ _ _ _ _ _ _ _ _ _ _ _ _ _ _ _ _ _ _ _ _ _ _ _ _ _ _ _ _ _ _ _ _ _ _ _ _ _ _ _ _ _ _ _ _ _ _ _ _ _ _ _ _ _ _ _ _ _ _ _ _ _ _ _ _ _ _ _ _ _ _ _ _ _ _ _ _ _ _ _ _ _ _ _ _ _ _ _ _ _ _ _ _ _ _ _ _ _ _ _ _ _ _ _

self = &lt;subprocess.Popen object at 0x000002374DE989A0&gt;, args = 'mongod --bind_ip=127.128.182.16 --port=25935 --syncdelay=0 --nojournal --quiet --dbpath=C:\\Users\\AABRAH~1\\AppData\\Local\\Temp\\tmpx22o6u0n', executable = None
preexec_fn = None, close_fds = True, pass_fds = (), cwd = 'C:\\Users\\AAbrahams\\PycharmProjects\\argus', env = {}, startupinfo = &lt;subprocess.STARTUPINFO object at 0x000002374DE989D0&gt;, creationflags = 0, shell = False, p2cread = -1
p2cwrite = -1, c2pread = -1, c2pwrite = -1, errread = -1, errwrite = -1, unused_restore_signals = True, unused_start_new_session = False

    def _execute_child(self, args, executable, preexec_fn, close_fds,
                       pass_fds, cwd, env,
                       startupinfo, creationflags, shell,
                       p2cread, p2cwrite,
                       c2pread, c2pwrite,
                       errread, errwrite,
                       unused_restore_signals, unused_start_new_session):
        """Execute program (MS Windows version)"""
    
        assert not pass_fds, "pass_fds not supported on Windows."
    
        if isinstance(args, str):
            pass
        elif isinstance(args, bytes):
            if shell:
                raise TypeError('bytes args is not allowed on Windows')
            args = list2cmdline([args])
        elif isinstance(args, os.PathLike):
            if shell:
                raise TypeError('path-like args is not allowed when '
                                'shell is true')
            args = list2cmdline([args])
        else:
            args = list2cmdline(args)
    
        if executable is not None:
            executable = os.fsdecode(executable)
    
        # Process startup details
        if startupinfo is None:
            startupinfo = STARTUPINFO()
        else:
            # bpo-34044: Copy STARTUPINFO since it is modified above,
            # so the caller can reuse it multiple times.
            startupinfo = startupinfo.copy()
    
        use_std_handles = -1 not in (p2cread, c2pwrite, errwrite)
        if use_std_handles:
            startupinfo.dwFlags |= _winapi.STARTF_USESTDHANDLES
            startupinfo.hStdInput = p2cread
            startupinfo.hStdOutput = c2pwrite
            startupinfo.hStdError = errwrite
    
        attribute_list = startupinfo.lpAttributeList
        have_handle_list = bool(attribute_list and
                                "handle_list" in attribute_list and
                                attribute_list["handle_list"])
    
        # If we were given an handle_list or need to create one
        if have_handle_list or (use_std_handles and close_fds):
            if attribute_list is None:
                attribute_list = startupinfo.lpAttributeList = {}
            handle_list = attribute_list["handle_list"] = \
                list(attribute_list.get("handle_list", []))
    
            if use_std_handles:
                handle_list += [int(p2cread), int(c2pwrite), int(errwrite)]
    
            handle_list[:] = self._filter_handle_list(handle_list)
    
            if handle_list:
                if not close_fds:
                    warnings.warn("startupinfo.lpAttributeList['handle_list'] "
                                  "overriding close_fds", RuntimeWarning)
    
                # When using the handle_list we always request to inherit
                # handles but the only handles that will be inherited are
                # the ones in the handle_list
                close_fds = False
    
        if shell:
            startupinfo.dwFlags |= _winapi.STARTF_USESHOWWINDOW
            startupinfo.wShowWindow = _winapi.SW_HIDE
            comspec = os.environ.get("COMSPEC", "cmd.exe")
            args = '{} /c "{}"'.format (comspec, args)
    
        if cwd is not None:
            cwd = os.fsdecode(cwd)
    
        sys.audit("subprocess.Popen", executable, args, cwd, env)
    
        # Start the process
        try:
&gt;           hp, ht, pid, tid = _winapi.CreateProcess(executable, args,
                                     # no special security
                                     None, None,
                                     int(not close_fds),
                                     creationflags,
                                     env,
                                     cwd,
                                     startupinfo)
E                                    OSError: [WinError 87] The parameter is incorrect

..\..\appdata\local\programs\python\python38\lib\subprocess.py:1311: OSError</error></testcase><testcase classname="tests.integration.test_argus" name="test_re_authenticate_on_argus_reset" time="0.099"><error message="failed on setup with &quot;OSError: [WinError 87] The parameter is incorrect&quot;">args = (), kwargs = {}, var = 'mongo_bin', gen = &lt;generator object mongo_server at 0x000002374DE9C970&gt;

    @functools.wraps(f)
    def wrapper(*args, **kwargs):
        for var in vars_:
            if not getattr(cfg, var):
                pytest.skip("config variable {0} missing, skipping test".format(var))
        gen = f(*args, **kwargs)
&gt;       yield next(gen)

tests\config.py:54: 
_ _ _ _ _ _ _ _ _ _ _ _ _ _ _ _ _ _ _ _ _ _ _ _ _ _ _ _ _ _ _ _ _ _ _ _ _ _ _ _ _ _ _ _ _ _ _ _ _ _ _ _ _ _ _ _ _ _ _ _ _ _ _ _ _ _ _ _ _ _ _ _ _ _ _ _ _ _ _ _ _ _ _ _ _ _ _ _ _ _ _ _ _ _ _ _ _ _ _ _ _ _ _ _ _ _ _ _ _ _ _ _ _ _ _ _
tests\conftest.py:43: in mongo_server
    for server in _mongo_server():
tests\conftest.py:24: in _mongo_server
    test_server.start()
tests\base2.py:82: in start
    self._server.launch()
tests\thread.py:78: in launch
    self._proc = subprocess.Popen(run_cmd, env=self._env, cwd=self._cwd, **extra_args)
..\..\appdata\local\programs\python\python38\lib\subprocess.py:858: in __init__
    self._execute_child(args, executable, preexec_fn, close_fds,
_ _ _ _ _ _ _ _ _ _ _ _ _ _ _ _ _ _ _ _ _ _ _ _ _ _ _ _ _ _ _ _ _ _ _ _ _ _ _ _ _ _ _ _ _ _ _ _ _ _ _ _ _ _ _ _ _ _ _ _ _ _ _ _ _ _ _ _ _ _ _ _ _ _ _ _ _ _ _ _ _ _ _ _ _ _ _ _ _ _ _ _ _ _ _ _ _ _ _ _ _ _ _ _ _ _ _ _ _ _ _ _ _ _ _ _

self = &lt;subprocess.Popen object at 0x000002374DE94940&gt;, args = 'mongod --bind_ip=127.128.182.16 --port=15683 --syncdelay=0 --nojournal --quiet --dbpath=C:\\Users\\AABRAH~1\\AppData\\Local\\Temp\\tmpna8irn88', executable = None
preexec_fn = None, close_fds = True, pass_fds = (), cwd = 'C:\\Users\\AAbrahams\\PycharmProjects\\argus', env = {}, startupinfo = &lt;subprocess.STARTUPINFO object at 0x000002374DE94AF0&gt;, creationflags = 0, shell = False, p2cread = -1
p2cwrite = -1, c2pread = -1, c2pwrite = -1, errread = -1, errwrite = -1, unused_restore_signals = True, unused_start_new_session = False

    def _execute_child(self, args, executable, preexec_fn, close_fds,
                       pass_fds, cwd, env,
                       startupinfo, creationflags, shell,
                       p2cread, p2cwrite,
                       c2pread, c2pwrite,
                       errread, errwrite,
                       unused_restore_signals, unused_start_new_session):
        """Execute program (MS Windows version)"""
    
        assert not pass_fds, "pass_fds not supported on Windows."
    
        if isinstance(args, str):
            pass
        elif isinstance(args, bytes):
            if shell:
                raise TypeError('bytes args is not allowed on Windows')
            args = list2cmdline([args])
        elif isinstance(args, os.PathLike):
            if shell:
                raise TypeError('path-like args is not allowed when '
                                'shell is true')
            args = list2cmdline([args])
        else:
            args = list2cmdline(args)
    
        if executable is not None:
            executable = os.fsdecode(executable)
    
        # Process startup details
        if startupinfo is None:
            startupinfo = STARTUPINFO()
        else:
            # bpo-34044: Copy STARTUPINFO since it is modified above,
            # so the caller can reuse it multiple times.
            startupinfo = startupinfo.copy()
    
        use_std_handles = -1 not in (p2cread, c2pwrite, errwrite)
        if use_std_handles:
            startupinfo.dwFlags |= _winapi.STARTF_USESTDHANDLES
            startupinfo.hStdInput = p2cread
            startupinfo.hStdOutput = c2pwrite
            startupinfo.hStdError = errwrite
    
        attribute_list = startupinfo.lpAttributeList
        have_handle_list = bool(attribute_list and
                                "handle_list" in attribute_list and
                                attribute_list["handle_list"])
    
        # If we were given an handle_list or need to create one
        if have_handle_list or (use_std_handles and close_fds):
            if attribute_list is None:
                attribute_list = startupinfo.lpAttributeList = {}
            handle_list = attribute_list["handle_list"] = \
                list(attribute_list.get("handle_list", []))
    
            if use_std_handles:
                handle_list += [int(p2cread), int(c2pwrite), int(errwrite)]
    
            handle_list[:] = self._filter_handle_list(handle_list)
    
            if handle_list:
                if not close_fds:
                    warnings.warn("startupinfo.lpAttributeList['handle_list'] "
                                  "overriding close_fds", RuntimeWarning)
    
                # When using the handle_list we always request to inherit
                # handles but the only handles that will be inherited are
                # the ones in the handle_list
                close_fds = False
    
        if shell:
            startupinfo.dwFlags |= _winapi.STARTF_USESHOWWINDOW
            startupinfo.wShowWindow = _winapi.SW_HIDE
            comspec = os.environ.get("COMSPEC", "cmd.exe")
            args = '{} /c "{}"'.format (comspec, args)
    
        if cwd is not None:
            cwd = os.fsdecode(cwd)
    
        sys.audit("subprocess.Popen", executable, args, cwd, env)
    
        # Start the process
        try:
&gt;           hp, ht, pid, tid = _winapi.CreateProcess(executable, args,
                                     # no special security
                                     None, None,
                                     int(not close_fds),
                                     creationflags,
                                     env,
                                     cwd,
                                     startupinfo)
E                                    OSError: [WinError 87] The parameter is incorrect

..\..\appdata\local\programs\python\python38\lib\subprocess.py:1311: OSError</error></testcase><testcase classname="tests.integration.test_argus" name="test_simple" time="0.098"><error message="failed on setup with &quot;OSError: [WinError 87] The parameter is incorrect&quot;">args = (), kwargs = {}, var = 'mongo_bin', gen = &lt;generator object mongo_server at 0x000002374E0D3EB0&gt;

    @functools.wraps(f)
    def wrapper(*args, **kwargs):
        for var in vars_:
            if not getattr(cfg, var):
                pytest.skip("config variable {0} missing, skipping test".format(var))
        gen = f(*args, **kwargs)
&gt;       yield next(gen)

tests\config.py:54: 
_ _ _ _ _ _ _ _ _ _ _ _ _ _ _ _ _ _ _ _ _ _ _ _ _ _ _ _ _ _ _ _ _ _ _ _ _ _ _ _ _ _ _ _ _ _ _ _ _ _ _ _ _ _ _ _ _ _ _ _ _ _ _ _ _ _ _ _ _ _ _ _ _ _ _ _ _ _ _ _ _ _ _ _ _ _ _ _ _ _ _ _ _ _ _ _ _ _ _ _ _ _ _ _ _ _ _ _ _ _ _ _ _ _ _ _
tests\conftest.py:43: in mongo_server
    for server in _mongo_server():
tests\conftest.py:24: in _mongo_server
    test_server.start()
tests\base2.py:82: in start
    self._server.launch()
tests\thread.py:78: in launch
    self._proc = subprocess.Popen(run_cmd, env=self._env, cwd=self._cwd, **extra_args)
..\..\appdata\local\programs\python\python38\lib\subprocess.py:858: in __init__
    self._execute_child(args, executable, preexec_fn, close_fds,
_ _ _ _ _ _ _ _ _ _ _ _ _ _ _ _ _ _ _ _ _ _ _ _ _ _ _ _ _ _ _ _ _ _ _ _ _ _ _ _ _ _ _ _ _ _ _ _ _ _ _ _ _ _ _ _ _ _ _ _ _ _ _ _ _ _ _ _ _ _ _ _ _ _ _ _ _ _ _ _ _ _ _ _ _ _ _ _ _ _ _ _ _ _ _ _ _ _ _ _ _ _ _ _ _ _ _ _ _ _ _ _ _ _ _ _

self = &lt;subprocess.Popen object at 0x000002374DE87220&gt;, args = 'mongod --bind_ip=127.128.182.16 --port=12808 --syncdelay=0 --nojournal --quiet --dbpath=C:\\Users\\AABRAH~1\\AppData\\Local\\Temp\\tmpqtpjcri7', executable = None
preexec_fn = None, close_fds = True, pass_fds = (), cwd = 'C:\\Users\\AAbrahams\\PycharmProjects\\argus', env = {}, startupinfo = &lt;subprocess.STARTUPINFO object at 0x000002374DE870A0&gt;, creationflags = 0, shell = False, p2cread = -1
p2cwrite = -1, c2pread = -1, c2pwrite = -1, errread = -1, errwrite = -1, unused_restore_signals = True, unused_start_new_session = False

    def _execute_child(self, args, executable, preexec_fn, close_fds,
                       pass_fds, cwd, env,
                       startupinfo, creationflags, shell,
                       p2cread, p2cwrite,
                       c2pread, c2pwrite,
                       errread, errwrite,
                       unused_restore_signals, unused_start_new_session):
        """Execute program (MS Windows version)"""
    
        assert not pass_fds, "pass_fds not supported on Windows."
    
        if isinstance(args, str):
            pass
        elif isinstance(args, bytes):
            if shell:
                raise TypeError('bytes args is not allowed on Windows')
            args = list2cmdline([args])
        elif isinstance(args, os.PathLike):
            if shell:
                raise TypeError('path-like args is not allowed when '
                                'shell is true')
            args = list2cmdline([args])
        else:
            args = list2cmdline(args)
    
        if executable is not None:
            executable = os.fsdecode(executable)
    
        # Process startup details
        if startupinfo is None:
            startupinfo = STARTUPINFO()
        else:
            # bpo-34044: Copy STARTUPINFO since it is modified above,
            # so the caller can reuse it multiple times.
            startupinfo = startupinfo.copy()
    
        use_std_handles = -1 not in (p2cread, c2pwrite, errwrite)
        if use_std_handles:
            startupinfo.dwFlags |= _winapi.STARTF_USESTDHANDLES
            startupinfo.hStdInput = p2cread
            startupinfo.hStdOutput = c2pwrite
            startupinfo.hStdError = errwrite
    
        attribute_list = startupinfo.lpAttributeList
        have_handle_list = bool(attribute_list and
                                "handle_list" in attribute_list and
                                attribute_list["handle_list"])
    
        # If we were given an handle_list or need to create one
        if have_handle_list or (use_std_handles and close_fds):
            if attribute_list is None:
                attribute_list = startupinfo.lpAttributeList = {}
            handle_list = attribute_list["handle_list"] = \
                list(attribute_list.get("handle_list", []))
    
            if use_std_handles:
                handle_list += [int(p2cread), int(c2pwrite), int(errwrite)]
    
            handle_list[:] = self._filter_handle_list(handle_list)
    
            if handle_list:
                if not close_fds:
                    warnings.warn("startupinfo.lpAttributeList['handle_list'] "
                                  "overriding close_fds", RuntimeWarning)
    
                # When using the handle_list we always request to inherit
                # handles but the only handles that will be inherited are
                # the ones in the handle_list
                close_fds = False
    
        if shell:
            startupinfo.dwFlags |= _winapi.STARTF_USESHOWWINDOW
            startupinfo.wShowWindow = _winapi.SW_HIDE
            comspec = os.environ.get("COMSPEC", "cmd.exe")
            args = '{} /c "{}"'.format (comspec, args)
    
        if cwd is not None:
            cwd = os.fsdecode(cwd)
    
        sys.audit("subprocess.Popen", executable, args, cwd, env)
    
        # Start the process
        try:
&gt;           hp, ht, pid, tid = _winapi.CreateProcess(executable, args,
                                     # no special security
                                     None, None,
                                     int(not close_fds),
                                     creationflags,
                                     env,
                                     cwd,
                                     startupinfo)
E                                    OSError: [WinError 87] The parameter is incorrect

..\..\appdata\local\programs\python\python38\lib\subprocess.py:1311: OSError</error></testcase><testcase classname="tests.integration.test_argus" name="test_indexes" time="0.097"><error message="failed on setup with &quot;OSError: [WinError 87] The parameter is incorrect&quot;">args = (), kwargs = {}, var = 'mongo_bin', gen = &lt;generator object mongo_server at 0x000002374DD2C900&gt;

    @functools.wraps(f)
    def wrapper(*args, **kwargs):
        for var in vars_:
            if not getattr(cfg, var):
                pytest.skip("config variable {0} missing, skipping test".format(var))
        gen = f(*args, **kwargs)
&gt;       yield next(gen)

tests\config.py:54: 
_ _ _ _ _ _ _ _ _ _ _ _ _ _ _ _ _ _ _ _ _ _ _ _ _ _ _ _ _ _ _ _ _ _ _ _ _ _ _ _ _ _ _ _ _ _ _ _ _ _ _ _ _ _ _ _ _ _ _ _ _ _ _ _ _ _ _ _ _ _ _ _ _ _ _ _ _ _ _ _ _ _ _ _ _ _ _ _ _ _ _ _ _ _ _ _ _ _ _ _ _ _ _ _ _ _ _ _ _ _ _ _ _ _ _ _
tests\conftest.py:43: in mongo_server
    for server in _mongo_server():
tests\conftest.py:24: in _mongo_server
    test_server.start()
tests\base2.py:82: in start
    self._server.launch()
tests\thread.py:78: in launch
    self._proc = subprocess.Popen(run_cmd, env=self._env, cwd=self._cwd, **extra_args)
..\..\appdata\local\programs\python\python38\lib\subprocess.py:858: in __init__
    self._execute_child(args, executable, preexec_fn, close_fds,
_ _ _ _ _ _ _ _ _ _ _ _ _ _ _ _ _ _ _ _ _ _ _ _ _ _ _ _ _ _ _ _ _ _ _ _ _ _ _ _ _ _ _ _ _ _ _ _ _ _ _ _ _ _ _ _ _ _ _ _ _ _ _ _ _ _ _ _ _ _ _ _ _ _ _ _ _ _ _ _ _ _ _ _ _ _ _ _ _ _ _ _ _ _ _ _ _ _ _ _ _ _ _ _ _ _ _ _ _ _ _ _ _ _ _ _

self = &lt;subprocess.Popen object at 0x000002374DE90040&gt;, args = 'mongod --bind_ip=127.128.182.16 --port=9301 --syncdelay=0 --nojournal --quiet --dbpath=C:\\Users\\AABRAH~1\\AppData\\Local\\Temp\\tmpi49ah46y', executable = None
preexec_fn = None, close_fds = True, pass_fds = (), cwd = 'C:\\Users\\AAbrahams\\PycharmProjects\\argus', env = {}, startupinfo = &lt;subprocess.STARTUPINFO object at 0x000002374DE90250&gt;, creationflags = 0, shell = False, p2cread = -1
p2cwrite = -1, c2pread = -1, c2pwrite = -1, errread = -1, errwrite = -1, unused_restore_signals = True, unused_start_new_session = False

    def _execute_child(self, args, executable, preexec_fn, close_fds,
                       pass_fds, cwd, env,
                       startupinfo, creationflags, shell,
                       p2cread, p2cwrite,
                       c2pread, c2pwrite,
                       errread, errwrite,
                       unused_restore_signals, unused_start_new_session):
        """Execute program (MS Windows version)"""
    
        assert not pass_fds, "pass_fds not supported on Windows."
    
        if isinstance(args, str):
            pass
        elif isinstance(args, bytes):
            if shell:
                raise TypeError('bytes args is not allowed on Windows')
            args = list2cmdline([args])
        elif isinstance(args, os.PathLike):
            if shell:
                raise TypeError('path-like args is not allowed when '
                                'shell is true')
            args = list2cmdline([args])
        else:
            args = list2cmdline(args)
    
        if executable is not None:
            executable = os.fsdecode(executable)
    
        # Process startup details
        if startupinfo is None:
            startupinfo = STARTUPINFO()
        else:
            # bpo-34044: Copy STARTUPINFO since it is modified above,
            # so the caller can reuse it multiple times.
            startupinfo = startupinfo.copy()
    
        use_std_handles = -1 not in (p2cread, c2pwrite, errwrite)
        if use_std_handles:
            startupinfo.dwFlags |= _winapi.STARTF_USESTDHANDLES
            startupinfo.hStdInput = p2cread
            startupinfo.hStdOutput = c2pwrite
            startupinfo.hStdError = errwrite
    
        attribute_list = startupinfo.lpAttributeList
        have_handle_list = bool(attribute_list and
                                "handle_list" in attribute_list and
                                attribute_list["handle_list"])
    
        # If we were given an handle_list or need to create one
        if have_handle_list or (use_std_handles and close_fds):
            if attribute_list is None:
                attribute_list = startupinfo.lpAttributeList = {}
            handle_list = attribute_list["handle_list"] = \
                list(attribute_list.get("handle_list", []))
    
            if use_std_handles:
                handle_list += [int(p2cread), int(c2pwrite), int(errwrite)]
    
            handle_list[:] = self._filter_handle_list(handle_list)
    
            if handle_list:
                if not close_fds:
                    warnings.warn("startupinfo.lpAttributeList['handle_list'] "
                                  "overriding close_fds", RuntimeWarning)
    
                # When using the handle_list we always request to inherit
                # handles but the only handles that will be inherited are
                # the ones in the handle_list
                close_fds = False
    
        if shell:
            startupinfo.dwFlags |= _winapi.STARTF_USESHOWWINDOW
            startupinfo.wShowWindow = _winapi.SW_HIDE
            comspec = os.environ.get("COMSPEC", "cmd.exe")
            args = '{} /c "{}"'.format (comspec, args)
    
        if cwd is not None:
            cwd = os.fsdecode(cwd)
    
        sys.audit("subprocess.Popen", executable, args, cwd, env)
    
        # Start the process
        try:
&gt;           hp, ht, pid, tid = _winapi.CreateProcess(executable, args,
                                     # no special security
                                     None, None,
                                     int(not close_fds),
                                     creationflags,
                                     env,
                                     cwd,
                                     startupinfo)
E                                    OSError: [WinError 87] The parameter is incorrect

..\..\appdata\local\programs\python\python38\lib\subprocess.py:1311: OSError</error></testcase><testcase classname="tests.integration.test_argus" name="test_delete_library" time="0.101"><error message="failed on setup with &quot;OSError: [WinError 87] The parameter is incorrect&quot;">args = (), kwargs = {}, var = 'mongo_bin', gen = &lt;generator object mongo_server at 0x000002374DD2CF20&gt;

    @functools.wraps(f)
    def wrapper(*args, **kwargs):
        for var in vars_:
            if not getattr(cfg, var):
                pytest.skip("config variable {0} missing, skipping test".format(var))
        gen = f(*args, **kwargs)
&gt;       yield next(gen)

tests\config.py:54: 
_ _ _ _ _ _ _ _ _ _ _ _ _ _ _ _ _ _ _ _ _ _ _ _ _ _ _ _ _ _ _ _ _ _ _ _ _ _ _ _ _ _ _ _ _ _ _ _ _ _ _ _ _ _ _ _ _ _ _ _ _ _ _ _ _ _ _ _ _ _ _ _ _ _ _ _ _ _ _ _ _ _ _ _ _ _ _ _ _ _ _ _ _ _ _ _ _ _ _ _ _ _ _ _ _ _ _ _ _ _ _ _ _ _ _ _
tests\conftest.py:43: in mongo_server
    for server in _mongo_server():
tests\conftest.py:24: in _mongo_server
    test_server.start()
tests\base2.py:82: in start
    self._server.launch()
tests\thread.py:78: in launch
    self._proc = subprocess.Popen(run_cmd, env=self._env, cwd=self._cwd, **extra_args)
..\..\appdata\local\programs\python\python38\lib\subprocess.py:858: in __init__
    self._execute_child(args, executable, preexec_fn, close_fds,
_ _ _ _ _ _ _ _ _ _ _ _ _ _ _ _ _ _ _ _ _ _ _ _ _ _ _ _ _ _ _ _ _ _ _ _ _ _ _ _ _ _ _ _ _ _ _ _ _ _ _ _ _ _ _ _ _ _ _ _ _ _ _ _ _ _ _ _ _ _ _ _ _ _ _ _ _ _ _ _ _ _ _ _ _ _ _ _ _ _ _ _ _ _ _ _ _ _ _ _ _ _ _ _ _ _ _ _ _ _ _ _ _ _ _ _

self = &lt;subprocess.Popen object at 0x000002374DE8D100&gt;, args = 'mongod --bind_ip=127.128.182.16 --port=21184 --syncdelay=0 --nojournal --quiet --dbpath=C:\\Users\\AABRAH~1\\AppData\\Local\\Temp\\tmpz8v8xcvk', executable = None
preexec_fn = None, close_fds = True, pass_fds = (), cwd = 'C:\\Users\\AAbrahams\\PycharmProjects\\argus', env = {}, startupinfo = &lt;subprocess.STARTUPINFO object at 0x000002374DE8D310&gt;, creationflags = 0, shell = False, p2cread = -1
p2cwrite = -1, c2pread = -1, c2pwrite = -1, errread = -1, errwrite = -1, unused_restore_signals = True, unused_start_new_session = False

    def _execute_child(self, args, executable, preexec_fn, close_fds,
                       pass_fds, cwd, env,
                       startupinfo, creationflags, shell,
                       p2cread, p2cwrite,
                       c2pread, c2pwrite,
                       errread, errwrite,
                       unused_restore_signals, unused_start_new_session):
        """Execute program (MS Windows version)"""
    
        assert not pass_fds, "pass_fds not supported on Windows."
    
        if isinstance(args, str):
            pass
        elif isinstance(args, bytes):
            if shell:
                raise TypeError('bytes args is not allowed on Windows')
            args = list2cmdline([args])
        elif isinstance(args, os.PathLike):
            if shell:
                raise TypeError('path-like args is not allowed when '
                                'shell is true')
            args = list2cmdline([args])
        else:
            args = list2cmdline(args)
    
        if executable is not None:
            executable = os.fsdecode(executable)
    
        # Process startup details
        if startupinfo is None:
            startupinfo = STARTUPINFO()
        else:
            # bpo-34044: Copy STARTUPINFO since it is modified above,
            # so the caller can reuse it multiple times.
            startupinfo = startupinfo.copy()
    
        use_std_handles = -1 not in (p2cread, c2pwrite, errwrite)
        if use_std_handles:
            startupinfo.dwFlags |= _winapi.STARTF_USESTDHANDLES
            startupinfo.hStdInput = p2cread
            startupinfo.hStdOutput = c2pwrite
            startupinfo.hStdError = errwrite
    
        attribute_list = startupinfo.lpAttributeList
        have_handle_list = bool(attribute_list and
                                "handle_list" in attribute_list and
                                attribute_list["handle_list"])
    
        # If we were given an handle_list or need to create one
        if have_handle_list or (use_std_handles and close_fds):
            if attribute_list is None:
                attribute_list = startupinfo.lpAttributeList = {}
            handle_list = attribute_list["handle_list"] = \
                list(attribute_list.get("handle_list", []))
    
            if use_std_handles:
                handle_list += [int(p2cread), int(c2pwrite), int(errwrite)]
    
            handle_list[:] = self._filter_handle_list(handle_list)
    
            if handle_list:
                if not close_fds:
                    warnings.warn("startupinfo.lpAttributeList['handle_list'] "
                                  "overriding close_fds", RuntimeWarning)
    
                # When using the handle_list we always request to inherit
                # handles but the only handles that will be inherited are
                # the ones in the handle_list
                close_fds = False
    
        if shell:
            startupinfo.dwFlags |= _winapi.STARTF_USESHOWWINDOW
            startupinfo.wShowWindow = _winapi.SW_HIDE
            comspec = os.environ.get("COMSPEC", "cmd.exe")
            args = '{} /c "{}"'.format (comspec, args)
    
        if cwd is not None:
            cwd = os.fsdecode(cwd)
    
        sys.audit("subprocess.Popen", executable, args, cwd, env)
    
        # Start the process
        try:
&gt;           hp, ht, pid, tid = _winapi.CreateProcess(executable, args,
                                     # no special security
                                     None, None,
                                     int(not close_fds),
                                     creationflags,
                                     env,
                                     cwd,
                                     startupinfo)
E                                    OSError: [WinError 87] The parameter is incorrect

..\..\appdata\local\programs\python\python38\lib\subprocess.py:1311: OSError</error></testcase><testcase classname="tests.integration.test_argus" name="test_quota" time="0.095"><error message="failed on setup with &quot;OSError: [WinError 87] The parameter is incorrect&quot;">args = (), kwargs = {}, var = 'mongo_bin', gen = &lt;generator object mongo_server at 0x000002374DD4D350&gt;

    @functools.wraps(f)
    def wrapper(*args, **kwargs):
        for var in vars_:
            if not getattr(cfg, var):
                pytest.skip("config variable {0} missing, skipping test".format(var))
        gen = f(*args, **kwargs)
&gt;       yield next(gen)

tests\config.py:54: 
_ _ _ _ _ _ _ _ _ _ _ _ _ _ _ _ _ _ _ _ _ _ _ _ _ _ _ _ _ _ _ _ _ _ _ _ _ _ _ _ _ _ _ _ _ _ _ _ _ _ _ _ _ _ _ _ _ _ _ _ _ _ _ _ _ _ _ _ _ _ _ _ _ _ _ _ _ _ _ _ _ _ _ _ _ _ _ _ _ _ _ _ _ _ _ _ _ _ _ _ _ _ _ _ _ _ _ _ _ _ _ _ _ _ _ _
tests\conftest.py:43: in mongo_server
    for server in _mongo_server():
tests\conftest.py:24: in _mongo_server
    test_server.start()
tests\base2.py:82: in start
    self._server.launch()
tests\thread.py:78: in launch
    self._proc = subprocess.Popen(run_cmd, env=self._env, cwd=self._cwd, **extra_args)
..\..\appdata\local\programs\python\python38\lib\subprocess.py:858: in __init__
    self._execute_child(args, executable, preexec_fn, close_fds,
_ _ _ _ _ _ _ _ _ _ _ _ _ _ _ _ _ _ _ _ _ _ _ _ _ _ _ _ _ _ _ _ _ _ _ _ _ _ _ _ _ _ _ _ _ _ _ _ _ _ _ _ _ _ _ _ _ _ _ _ _ _ _ _ _ _ _ _ _ _ _ _ _ _ _ _ _ _ _ _ _ _ _ _ _ _ _ _ _ _ _ _ _ _ _ _ _ _ _ _ _ _ _ _ _ _ _ _ _ _ _ _ _ _ _ _

self = &lt;subprocess.Popen object at 0x000002374DBD8130&gt;, args = 'mongod --bind_ip=127.128.182.16 --port=31087 --syncdelay=0 --nojournal --quiet --dbpath=C:\\Users\\AABRAH~1\\AppData\\Local\\Temp\\tmpz4jshivl', executable = None
preexec_fn = None, close_fds = True, pass_fds = (), cwd = 'C:\\Users\\AAbrahams\\PycharmProjects\\argus', env = {}, startupinfo = &lt;subprocess.STARTUPINFO object at 0x000002374DBD8610&gt;, creationflags = 0, shell = False, p2cread = -1
p2cwrite = -1, c2pread = -1, c2pwrite = -1, errread = -1, errwrite = -1, unused_restore_signals = True, unused_start_new_session = False

    def _execute_child(self, args, executable, preexec_fn, close_fds,
                       pass_fds, cwd, env,
                       startupinfo, creationflags, shell,
                       p2cread, p2cwrite,
                       c2pread, c2pwrite,
                       errread, errwrite,
                       unused_restore_signals, unused_start_new_session):
        """Execute program (MS Windows version)"""
    
        assert not pass_fds, "pass_fds not supported on Windows."
    
        if isinstance(args, str):
            pass
        elif isinstance(args, bytes):
            if shell:
                raise TypeError('bytes args is not allowed on Windows')
            args = list2cmdline([args])
        elif isinstance(args, os.PathLike):
            if shell:
                raise TypeError('path-like args is not allowed when '
                                'shell is true')
            args = list2cmdline([args])
        else:
            args = list2cmdline(args)
    
        if executable is not None:
            executable = os.fsdecode(executable)
    
        # Process startup details
        if startupinfo is None:
            startupinfo = STARTUPINFO()
        else:
            # bpo-34044: Copy STARTUPINFO since it is modified above,
            # so the caller can reuse it multiple times.
            startupinfo = startupinfo.copy()
    
        use_std_handles = -1 not in (p2cread, c2pwrite, errwrite)
        if use_std_handles:
            startupinfo.dwFlags |= _winapi.STARTF_USESTDHANDLES
            startupinfo.hStdInput = p2cread
            startupinfo.hStdOutput = c2pwrite
            startupinfo.hStdError = errwrite
    
        attribute_list = startupinfo.lpAttributeList
        have_handle_list = bool(attribute_list and
                                "handle_list" in attribute_list and
                                attribute_list["handle_list"])
    
        # If we were given an handle_list or need to create one
        if have_handle_list or (use_std_handles and close_fds):
            if attribute_list is None:
                attribute_list = startupinfo.lpAttributeList = {}
            handle_list = attribute_list["handle_list"] = \
                list(attribute_list.get("handle_list", []))
    
            if use_std_handles:
                handle_list += [int(p2cread), int(c2pwrite), int(errwrite)]
    
            handle_list[:] = self._filter_handle_list(handle_list)
    
            if handle_list:
                if not close_fds:
                    warnings.warn("startupinfo.lpAttributeList['handle_list'] "
                                  "overriding close_fds", RuntimeWarning)
    
                # When using the handle_list we always request to inherit
                # handles but the only handles that will be inherited are
                # the ones in the handle_list
                close_fds = False
    
        if shell:
            startupinfo.dwFlags |= _winapi.STARTF_USESHOWWINDOW
            startupinfo.wShowWindow = _winapi.SW_HIDE
            comspec = os.environ.get("COMSPEC", "cmd.exe")
            args = '{} /c "{}"'.format (comspec, args)
    
        if cwd is not None:
            cwd = os.fsdecode(cwd)
    
        sys.audit("subprocess.Popen", executable, args, cwd, env)
    
        # Start the process
        try:
&gt;           hp, ht, pid, tid = _winapi.CreateProcess(executable, args,
                                     # no special security
                                     None, None,
                                     int(not close_fds),
                                     creationflags,
                                     env,
                                     cwd,
                                     startupinfo)
E                                    OSError: [WinError 87] The parameter is incorrect

..\..\appdata\local\programs\python\python38\lib\subprocess.py:1311: OSError</error></testcase><testcase classname="tests.integration.test_argus" name="test_check_quota" time="0.102"><error message="failed on setup with &quot;OSError: [WinError 87] The parameter is incorrect&quot;">args = (), kwargs = {}, var = 'mongo_bin', gen = &lt;generator object mongo_server at 0x000002374DD5A510&gt;

    @functools.wraps(f)
    def wrapper(*args, **kwargs):
        for var in vars_:
            if not getattr(cfg, var):
                pytest.skip("config variable {0} missing, skipping test".format(var))
        gen = f(*args, **kwargs)
&gt;       yield next(gen)

tests\config.py:54: 
_ _ _ _ _ _ _ _ _ _ _ _ _ _ _ _ _ _ _ _ _ _ _ _ _ _ _ _ _ _ _ _ _ _ _ _ _ _ _ _ _ _ _ _ _ _ _ _ _ _ _ _ _ _ _ _ _ _ _ _ _ _ _ _ _ _ _ _ _ _ _ _ _ _ _ _ _ _ _ _ _ _ _ _ _ _ _ _ _ _ _ _ _ _ _ _ _ _ _ _ _ _ _ _ _ _ _ _ _ _ _ _ _ _ _ _
tests\conftest.py:43: in mongo_server
    for server in _mongo_server():
tests\conftest.py:24: in _mongo_server
    test_server.start()
tests\base2.py:82: in start
    self._server.launch()
tests\thread.py:78: in launch
    self._proc = subprocess.Popen(run_cmd, env=self._env, cwd=self._cwd, **extra_args)
..\..\appdata\local\programs\python\python38\lib\subprocess.py:858: in __init__
    self._execute_child(args, executable, preexec_fn, close_fds,
_ _ _ _ _ _ _ _ _ _ _ _ _ _ _ _ _ _ _ _ _ _ _ _ _ _ _ _ _ _ _ _ _ _ _ _ _ _ _ _ _ _ _ _ _ _ _ _ _ _ _ _ _ _ _ _ _ _ _ _ _ _ _ _ _ _ _ _ _ _ _ _ _ _ _ _ _ _ _ _ _ _ _ _ _ _ _ _ _ _ _ _ _ _ _ _ _ _ _ _ _ _ _ _ _ _ _ _ _ _ _ _ _ _ _ _

self = &lt;subprocess.Popen object at 0x000002374DC336A0&gt;, args = 'mongod --bind_ip=127.128.182.16 --port=1327 --syncdelay=0 --nojournal --quiet --dbpath=C:\\Users\\AABRAH~1\\AppData\\Local\\Temp\\tmpudwp2mq9', executable = None
preexec_fn = None, close_fds = True, pass_fds = (), cwd = 'C:\\Users\\AAbrahams\\PycharmProjects\\argus', env = {}, startupinfo = &lt;subprocess.STARTUPINFO object at 0x000002374DC33C10&gt;, creationflags = 0, shell = False, p2cread = -1
p2cwrite = -1, c2pread = -1, c2pwrite = -1, errread = -1, errwrite = -1, unused_restore_signals = True, unused_start_new_session = False

    def _execute_child(self, args, executable, preexec_fn, close_fds,
                       pass_fds, cwd, env,
                       startupinfo, creationflags, shell,
                       p2cread, p2cwrite,
                       c2pread, c2pwrite,
                       errread, errwrite,
                       unused_restore_signals, unused_start_new_session):
        """Execute program (MS Windows version)"""
    
        assert not pass_fds, "pass_fds not supported on Windows."
    
        if isinstance(args, str):
            pass
        elif isinstance(args, bytes):
            if shell:
                raise TypeError('bytes args is not allowed on Windows')
            args = list2cmdline([args])
        elif isinstance(args, os.PathLike):
            if shell:
                raise TypeError('path-like args is not allowed when '
                                'shell is true')
            args = list2cmdline([args])
        else:
            args = list2cmdline(args)
    
        if executable is not None:
            executable = os.fsdecode(executable)
    
        # Process startup details
        if startupinfo is None:
            startupinfo = STARTUPINFO()
        else:
            # bpo-34044: Copy STARTUPINFO since it is modified above,
            # so the caller can reuse it multiple times.
            startupinfo = startupinfo.copy()
    
        use_std_handles = -1 not in (p2cread, c2pwrite, errwrite)
        if use_std_handles:
            startupinfo.dwFlags |= _winapi.STARTF_USESTDHANDLES
            startupinfo.hStdInput = p2cread
            startupinfo.hStdOutput = c2pwrite
            startupinfo.hStdError = errwrite
    
        attribute_list = startupinfo.lpAttributeList
        have_handle_list = bool(attribute_list and
                                "handle_list" in attribute_list and
                                attribute_list["handle_list"])
    
        # If we were given an handle_list or need to create one
        if have_handle_list or (use_std_handles and close_fds):
            if attribute_list is None:
                attribute_list = startupinfo.lpAttributeList = {}
            handle_list = attribute_list["handle_list"] = \
                list(attribute_list.get("handle_list", []))
    
            if use_std_handles:
                handle_list += [int(p2cread), int(c2pwrite), int(errwrite)]
    
            handle_list[:] = self._filter_handle_list(handle_list)
    
            if handle_list:
                if not close_fds:
                    warnings.warn("startupinfo.lpAttributeList['handle_list'] "
                                  "overriding close_fds", RuntimeWarning)
    
                # When using the handle_list we always request to inherit
                # handles but the only handles that will be inherited are
                # the ones in the handle_list
                close_fds = False
    
        if shell:
            startupinfo.dwFlags |= _winapi.STARTF_USESHOWWINDOW
            startupinfo.wShowWindow = _winapi.SW_HIDE
            comspec = os.environ.get("COMSPEC", "cmd.exe")
            args = '{} /c "{}"'.format (comspec, args)
    
        if cwd is not None:
            cwd = os.fsdecode(cwd)
    
        sys.audit("subprocess.Popen", executable, args, cwd, env)
    
        # Start the process
        try:
&gt;           hp, ht, pid, tid = _winapi.CreateProcess(executable, args,
                                     # no special security
                                     None, None,
                                     int(not close_fds),
                                     creationflags,
                                     env,
                                     cwd,
                                     startupinfo)
E                                    OSError: [WinError 87] The parameter is incorrect

..\..\appdata\local\programs\python\python38\lib\subprocess.py:1311: OSError</error></testcase><testcase classname="tests.integration.test_argus" name="test_default_mongo_retry_timout" time="0.085" /><testcase classname="tests.integration.test_argus" name="test_lib_rename" time="0.101"><error message="failed on setup with &quot;OSError: [WinError 87] The parameter is incorrect&quot;">args = (), kwargs = {}, var = 'mongo_bin', gen = &lt;generator object mongo_server at 0x000002374E13A660&gt;

    @functools.wraps(f)
    def wrapper(*args, **kwargs):
        for var in vars_:
            if not getattr(cfg, var):
                pytest.skip("config variable {0} missing, skipping test".format(var))
        gen = f(*args, **kwargs)
&gt;       yield next(gen)

tests\config.py:54: 
_ _ _ _ _ _ _ _ _ _ _ _ _ _ _ _ _ _ _ _ _ _ _ _ _ _ _ _ _ _ _ _ _ _ _ _ _ _ _ _ _ _ _ _ _ _ _ _ _ _ _ _ _ _ _ _ _ _ _ _ _ _ _ _ _ _ _ _ _ _ _ _ _ _ _ _ _ _ _ _ _ _ _ _ _ _ _ _ _ _ _ _ _ _ _ _ _ _ _ _ _ _ _ _ _ _ _ _ _ _ _ _ _ _ _ _
tests\conftest.py:43: in mongo_server
    for server in _mongo_server():
tests\conftest.py:24: in _mongo_server
    test_server.start()
tests\base2.py:82: in start
    self._server.launch()
tests\thread.py:78: in launch
    self._proc = subprocess.Popen(run_cmd, env=self._env, cwd=self._cwd, **extra_args)
..\..\appdata\local\programs\python\python38\lib\subprocess.py:858: in __init__
    self._execute_child(args, executable, preexec_fn, close_fds,
_ _ _ _ _ _ _ _ _ _ _ _ _ _ _ _ _ _ _ _ _ _ _ _ _ _ _ _ _ _ _ _ _ _ _ _ _ _ _ _ _ _ _ _ _ _ _ _ _ _ _ _ _ _ _ _ _ _ _ _ _ _ _ _ _ _ _ _ _ _ _ _ _ _ _ _ _ _ _ _ _ _ _ _ _ _ _ _ _ _ _ _ _ _ _ _ _ _ _ _ _ _ _ _ _ _ _ _ _ _ _ _ _ _ _ _

self = &lt;subprocess.Popen object at 0x000002374DBD8040&gt;, args = 'mongod --bind_ip=127.128.182.16 --port=18699 --syncdelay=0 --nojournal --quiet --dbpath=C:\\Users\\AABRAH~1\\AppData\\Local\\Temp\\tmp7syqbiyw', executable = None
preexec_fn = None, close_fds = True, pass_fds = (), cwd = 'C:\\Users\\AAbrahams\\PycharmProjects\\argus', env = {}, startupinfo = &lt;subprocess.STARTUPINFO object at 0x000002374DD43130&gt;, creationflags = 0, shell = False, p2cread = -1
p2cwrite = -1, c2pread = -1, c2pwrite = -1, errread = -1, errwrite = -1, unused_restore_signals = True, unused_start_new_session = False

    def _execute_child(self, args, executable, preexec_fn, close_fds,
                       pass_fds, cwd, env,
                       startupinfo, creationflags, shell,
                       p2cread, p2cwrite,
                       c2pread, c2pwrite,
                       errread, errwrite,
                       unused_restore_signals, unused_start_new_session):
        """Execute program (MS Windows version)"""
    
        assert not pass_fds, "pass_fds not supported on Windows."
    
        if isinstance(args, str):
            pass
        elif isinstance(args, bytes):
            if shell:
                raise TypeError('bytes args is not allowed on Windows')
            args = list2cmdline([args])
        elif isinstance(args, os.PathLike):
            if shell:
                raise TypeError('path-like args is not allowed when '
                                'shell is true')
            args = list2cmdline([args])
        else:
            args = list2cmdline(args)
    
        if executable is not None:
            executable = os.fsdecode(executable)
    
        # Process startup details
        if startupinfo is None:
            startupinfo = STARTUPINFO()
        else:
            # bpo-34044: Copy STARTUPINFO since it is modified above,
            # so the caller can reuse it multiple times.
            startupinfo = startupinfo.copy()
    
        use_std_handles = -1 not in (p2cread, c2pwrite, errwrite)
        if use_std_handles:
            startupinfo.dwFlags |= _winapi.STARTF_USESTDHANDLES
            startupinfo.hStdInput = p2cread
            startupinfo.hStdOutput = c2pwrite
            startupinfo.hStdError = errwrite
    
        attribute_list = startupinfo.lpAttributeList
        have_handle_list = bool(attribute_list and
                                "handle_list" in attribute_list and
                                attribute_list["handle_list"])
    
        # If we were given an handle_list or need to create one
        if have_handle_list or (use_std_handles and close_fds):
            if attribute_list is None:
                attribute_list = startupinfo.lpAttributeList = {}
            handle_list = attribute_list["handle_list"] = \
                list(attribute_list.get("handle_list", []))
    
            if use_std_handles:
                handle_list += [int(p2cread), int(c2pwrite), int(errwrite)]
    
            handle_list[:] = self._filter_handle_list(handle_list)
    
            if handle_list:
                if not close_fds:
                    warnings.warn("startupinfo.lpAttributeList['handle_list'] "
                                  "overriding close_fds", RuntimeWarning)
    
                # When using the handle_list we always request to inherit
                # handles but the only handles that will be inherited are
                # the ones in the handle_list
                close_fds = False
    
        if shell:
            startupinfo.dwFlags |= _winapi.STARTF_USESHOWWINDOW
            startupinfo.wShowWindow = _winapi.SW_HIDE
            comspec = os.environ.get("COMSPEC", "cmd.exe")
            args = '{} /c "{}"'.format (comspec, args)
    
        if cwd is not None:
            cwd = os.fsdecode(cwd)
    
        sys.audit("subprocess.Popen", executable, args, cwd, env)
    
        # Start the process
        try:
&gt;           hp, ht, pid, tid = _winapi.CreateProcess(executable, args,
                                     # no special security
                                     None, None,
                                     int(not close_fds),
                                     creationflags,
                                     env,
                                     cwd,
                                     startupinfo)
E                                    OSError: [WinError 87] The parameter is incorrect

..\..\appdata\local\programs\python\python38\lib\subprocess.py:1311: OSError</error></testcase><testcase classname="tests.integration.test_argus" name="test_lib_rename_namespace" time="0.096"><error message="failed on setup with &quot;OSError: [WinError 87] The parameter is incorrect&quot;">args = (), kwargs = {}, var = 'mongo_bin', gen = &lt;generator object mongo_server at 0x000002374E13A7B0&gt;

    @functools.wraps(f)
    def wrapper(*args, **kwargs):
        for var in vars_:
            if not getattr(cfg, var):
                pytest.skip("config variable {0} missing, skipping test".format(var))
        gen = f(*args, **kwargs)
&gt;       yield next(gen)

tests\config.py:54: 
_ _ _ _ _ _ _ _ _ _ _ _ _ _ _ _ _ _ _ _ _ _ _ _ _ _ _ _ _ _ _ _ _ _ _ _ _ _ _ _ _ _ _ _ _ _ _ _ _ _ _ _ _ _ _ _ _ _ _ _ _ _ _ _ _ _ _ _ _ _ _ _ _ _ _ _ _ _ _ _ _ _ _ _ _ _ _ _ _ _ _ _ _ _ _ _ _ _ _ _ _ _ _ _ _ _ _ _ _ _ _ _ _ _ _ _
tests\conftest.py:43: in mongo_server
    for server in _mongo_server():
tests\conftest.py:24: in _mongo_server
    test_server.start()
tests\base2.py:82: in start
    self._server.launch()
tests\thread.py:78: in launch
    self._proc = subprocess.Popen(run_cmd, env=self._env, cwd=self._cwd, **extra_args)
..\..\appdata\local\programs\python\python38\lib\subprocess.py:858: in __init__
    self._execute_child(args, executable, preexec_fn, close_fds,
_ _ _ _ _ _ _ _ _ _ _ _ _ _ _ _ _ _ _ _ _ _ _ _ _ _ _ _ _ _ _ _ _ _ _ _ _ _ _ _ _ _ _ _ _ _ _ _ _ _ _ _ _ _ _ _ _ _ _ _ _ _ _ _ _ _ _ _ _ _ _ _ _ _ _ _ _ _ _ _ _ _ _ _ _ _ _ _ _ _ _ _ _ _ _ _ _ _ _ _ _ _ _ _ _ _ _ _ _ _ _ _ _ _ _ _

self = &lt;subprocess.Popen object at 0x000002374DE88B80&gt;, args = 'mongod --bind_ip=127.128.182.16 --port=16385 --syncdelay=0 --nojournal --quiet --dbpath=C:\\Users\\AABRAH~1\\AppData\\Local\\Temp\\tmpq_7opvgf', executable = None
preexec_fn = None, close_fds = True, pass_fds = (), cwd = 'C:\\Users\\AAbrahams\\PycharmProjects\\argus', env = {}, startupinfo = &lt;subprocess.STARTUPINFO object at 0x000002374DE88310&gt;, creationflags = 0, shell = False, p2cread = -1
p2cwrite = -1, c2pread = -1, c2pwrite = -1, errread = -1, errwrite = -1, unused_restore_signals = True, unused_start_new_session = False

    def _execute_child(self, args, executable, preexec_fn, close_fds,
                       pass_fds, cwd, env,
                       startupinfo, creationflags, shell,
                       p2cread, p2cwrite,
                       c2pread, c2pwrite,
                       errread, errwrite,
                       unused_restore_signals, unused_start_new_session):
        """Execute program (MS Windows version)"""
    
        assert not pass_fds, "pass_fds not supported on Windows."
    
        if isinstance(args, str):
            pass
        elif isinstance(args, bytes):
            if shell:
                raise TypeError('bytes args is not allowed on Windows')
            args = list2cmdline([args])
        elif isinstance(args, os.PathLike):
            if shell:
                raise TypeError('path-like args is not allowed when '
                                'shell is true')
            args = list2cmdline([args])
        else:
            args = list2cmdline(args)
    
        if executable is not None:
            executable = os.fsdecode(executable)
    
        # Process startup details
        if startupinfo is None:
            startupinfo = STARTUPINFO()
        else:
            # bpo-34044: Copy STARTUPINFO since it is modified above,
            # so the caller can reuse it multiple times.
            startupinfo = startupinfo.copy()
    
        use_std_handles = -1 not in (p2cread, c2pwrite, errwrite)
        if use_std_handles:
            startupinfo.dwFlags |= _winapi.STARTF_USESTDHANDLES
            startupinfo.hStdInput = p2cread
            startupinfo.hStdOutput = c2pwrite
            startupinfo.hStdError = errwrite
    
        attribute_list = startupinfo.lpAttributeList
        have_handle_list = bool(attribute_list and
                                "handle_list" in attribute_list and
                                attribute_list["handle_list"])
    
        # If we were given an handle_list or need to create one
        if have_handle_list or (use_std_handles and close_fds):
            if attribute_list is None:
                attribute_list = startupinfo.lpAttributeList = {}
            handle_list = attribute_list["handle_list"] = \
                list(attribute_list.get("handle_list", []))
    
            if use_std_handles:
                handle_list += [int(p2cread), int(c2pwrite), int(errwrite)]
    
            handle_list[:] = self._filter_handle_list(handle_list)
    
            if handle_list:
                if not close_fds:
                    warnings.warn("startupinfo.lpAttributeList['handle_list'] "
                                  "overriding close_fds", RuntimeWarning)
    
                # When using the handle_list we always request to inherit
                # handles but the only handles that will be inherited are
                # the ones in the handle_list
                close_fds = False
    
        if shell:
            startupinfo.dwFlags |= _winapi.STARTF_USESHOWWINDOW
            startupinfo.wShowWindow = _winapi.SW_HIDE
            comspec = os.environ.get("COMSPEC", "cmd.exe")
            args = '{} /c "{}"'.format (comspec, args)
    
        if cwd is not None:
            cwd = os.fsdecode(cwd)
    
        sys.audit("subprocess.Popen", executable, args, cwd, env)
    
        # Start the process
        try:
&gt;           hp, ht, pid, tid = _winapi.CreateProcess(executable, args,
                                     # no special security
                                     None, None,
                                     int(not close_fds),
                                     creationflags,
                                     env,
                                     cwd,
                                     startupinfo)
E                                    OSError: [WinError 87] The parameter is incorrect

..\..\appdata\local\programs\python\python38\lib\subprocess.py:1311: OSError</error></testcase><testcase classname="tests.integration.test_argus" name="test_lib_type" time="0.102"><error message="failed on setup with &quot;OSError: [WinError 87] The parameter is incorrect&quot;">args = (), kwargs = {}, var = 'mongo_bin', gen = &lt;generator object mongo_server at 0x000002374E145430&gt;

    @functools.wraps(f)
    def wrapper(*args, **kwargs):
        for var in vars_:
            if not getattr(cfg, var):
                pytest.skip("config variable {0} missing, skipping test".format(var))
        gen = f(*args, **kwargs)
&gt;       yield next(gen)

tests\config.py:54: 
_ _ _ _ _ _ _ _ _ _ _ _ _ _ _ _ _ _ _ _ _ _ _ _ _ _ _ _ _ _ _ _ _ _ _ _ _ _ _ _ _ _ _ _ _ _ _ _ _ _ _ _ _ _ _ _ _ _ _ _ _ _ _ _ _ _ _ _ _ _ _ _ _ _ _ _ _ _ _ _ _ _ _ _ _ _ _ _ _ _ _ _ _ _ _ _ _ _ _ _ _ _ _ _ _ _ _ _ _ _ _ _ _ _ _ _
tests\conftest.py:43: in mongo_server
    for server in _mongo_server():
tests\conftest.py:24: in _mongo_server
    test_server.start()
tests\base2.py:82: in start
    self._server.launch()
tests\thread.py:78: in launch
    self._proc = subprocess.Popen(run_cmd, env=self._env, cwd=self._cwd, **extra_args)
..\..\appdata\local\programs\python\python38\lib\subprocess.py:858: in __init__
    self._execute_child(args, executable, preexec_fn, close_fds,
_ _ _ _ _ _ _ _ _ _ _ _ _ _ _ _ _ _ _ _ _ _ _ _ _ _ _ _ _ _ _ _ _ _ _ _ _ _ _ _ _ _ _ _ _ _ _ _ _ _ _ _ _ _ _ _ _ _ _ _ _ _ _ _ _ _ _ _ _ _ _ _ _ _ _ _ _ _ _ _ _ _ _ _ _ _ _ _ _ _ _ _ _ _ _ _ _ _ _ _ _ _ _ _ _ _ _ _ _ _ _ _ _ _ _ _

self = &lt;subprocess.Popen object at 0x000002374DC48070&gt;, args = 'mongod --bind_ip=127.128.182.16 --port=3892 --syncdelay=0 --nojournal --quiet --dbpath=C:\\Users\\AABRAH~1\\AppData\\Local\\Temp\\tmp8ix8bmsz', executable = None
preexec_fn = None, close_fds = True, pass_fds = (), cwd = 'C:\\Users\\AAbrahams\\PycharmProjects\\argus', env = {}, startupinfo = &lt;subprocess.STARTUPINFO object at 0x000002374DC48A30&gt;, creationflags = 0, shell = False, p2cread = -1
p2cwrite = -1, c2pread = -1, c2pwrite = -1, errread = -1, errwrite = -1, unused_restore_signals = True, unused_start_new_session = False

    def _execute_child(self, args, executable, preexec_fn, close_fds,
                       pass_fds, cwd, env,
                       startupinfo, creationflags, shell,
                       p2cread, p2cwrite,
                       c2pread, c2pwrite,
                       errread, errwrite,
                       unused_restore_signals, unused_start_new_session):
        """Execute program (MS Windows version)"""
    
        assert not pass_fds, "pass_fds not supported on Windows."
    
        if isinstance(args, str):
            pass
        elif isinstance(args, bytes):
            if shell:
                raise TypeError('bytes args is not allowed on Windows')
            args = list2cmdline([args])
        elif isinstance(args, os.PathLike):
            if shell:
                raise TypeError('path-like args is not allowed when '
                                'shell is true')
            args = list2cmdline([args])
        else:
            args = list2cmdline(args)
    
        if executable is not None:
            executable = os.fsdecode(executable)
    
        # Process startup details
        if startupinfo is None:
            startupinfo = STARTUPINFO()
        else:
            # bpo-34044: Copy STARTUPINFO since it is modified above,
            # so the caller can reuse it multiple times.
            startupinfo = startupinfo.copy()
    
        use_std_handles = -1 not in (p2cread, c2pwrite, errwrite)
        if use_std_handles:
            startupinfo.dwFlags |= _winapi.STARTF_USESTDHANDLES
            startupinfo.hStdInput = p2cread
            startupinfo.hStdOutput = c2pwrite
            startupinfo.hStdError = errwrite
    
        attribute_list = startupinfo.lpAttributeList
        have_handle_list = bool(attribute_list and
                                "handle_list" in attribute_list and
                                attribute_list["handle_list"])
    
        # If we were given an handle_list or need to create one
        if have_handle_list or (use_std_handles and close_fds):
            if attribute_list is None:
                attribute_list = startupinfo.lpAttributeList = {}
            handle_list = attribute_list["handle_list"] = \
                list(attribute_list.get("handle_list", []))
    
            if use_std_handles:
                handle_list += [int(p2cread), int(c2pwrite), int(errwrite)]
    
            handle_list[:] = self._filter_handle_list(handle_list)
    
            if handle_list:
                if not close_fds:
                    warnings.warn("startupinfo.lpAttributeList['handle_list'] "
                                  "overriding close_fds", RuntimeWarning)
    
                # When using the handle_list we always request to inherit
                # handles but the only handles that will be inherited are
                # the ones in the handle_list
                close_fds = False
    
        if shell:
            startupinfo.dwFlags |= _winapi.STARTF_USESHOWWINDOW
            startupinfo.wShowWindow = _winapi.SW_HIDE
            comspec = os.environ.get("COMSPEC", "cmd.exe")
            args = '{} /c "{}"'.format (comspec, args)
    
        if cwd is not None:
            cwd = os.fsdecode(cwd)
    
        sys.audit("subprocess.Popen", executable, args, cwd, env)
    
        # Start the process
        try:
&gt;           hp, ht, pid, tid = _winapi.CreateProcess(executable, args,
                                     # no special security
                                     None, None,
                                     int(not close_fds),
                                     creationflags,
                                     env,
                                     cwd,
                                     startupinfo)
E                                    OSError: [WinError 87] The parameter is incorrect

..\..\appdata\local\programs\python\python38\lib\subprocess.py:1311: OSError</error></testcase><testcase classname="tests.integration.test_argus" name="test_library_exists" time="0.095"><error message="failed on setup with &quot;OSError: [WinError 87] The parameter is incorrect&quot;">args = (), kwargs = {}, var = 'mongo_bin', gen = &lt;generator object mongo_server at 0x000002374E1596D0&gt;

    @functools.wraps(f)
    def wrapper(*args, **kwargs):
        for var in vars_:
            if not getattr(cfg, var):
                pytest.skip("config variable {0} missing, skipping test".format(var))
        gen = f(*args, **kwargs)
&gt;       yield next(gen)

tests\config.py:54: 
_ _ _ _ _ _ _ _ _ _ _ _ _ _ _ _ _ _ _ _ _ _ _ _ _ _ _ _ _ _ _ _ _ _ _ _ _ _ _ _ _ _ _ _ _ _ _ _ _ _ _ _ _ _ _ _ _ _ _ _ _ _ _ _ _ _ _ _ _ _ _ _ _ _ _ _ _ _ _ _ _ _ _ _ _ _ _ _ _ _ _ _ _ _ _ _ _ _ _ _ _ _ _ _ _ _ _ _ _ _ _ _ _ _ _ _
tests\conftest.py:43: in mongo_server
    for server in _mongo_server():
tests\conftest.py:24: in _mongo_server
    test_server.start()
tests\base2.py:82: in start
    self._server.launch()
tests\thread.py:78: in launch
    self._proc = subprocess.Popen(run_cmd, env=self._env, cwd=self._cwd, **extra_args)
..\..\appdata\local\programs\python\python38\lib\subprocess.py:858: in __init__
    self._execute_child(args, executable, preexec_fn, close_fds,
_ _ _ _ _ _ _ _ _ _ _ _ _ _ _ _ _ _ _ _ _ _ _ _ _ _ _ _ _ _ _ _ _ _ _ _ _ _ _ _ _ _ _ _ _ _ _ _ _ _ _ _ _ _ _ _ _ _ _ _ _ _ _ _ _ _ _ _ _ _ _ _ _ _ _ _ _ _ _ _ _ _ _ _ _ _ _ _ _ _ _ _ _ _ _ _ _ _ _ _ _ _ _ _ _ _ _ _ _ _ _ _ _ _ _ _

self = &lt;subprocess.Popen object at 0x0000023743C88220&gt;, args = 'mongod --bind_ip=127.128.182.16 --port=31902 --syncdelay=0 --nojournal --quiet --dbpath=C:\\Users\\AABRAH~1\\AppData\\Local\\Temp\\tmp2e4q_fmp', executable = None
preexec_fn = None, close_fds = True, pass_fds = (), cwd = 'C:\\Users\\AAbrahams\\PycharmProjects\\argus', env = {}, startupinfo = &lt;subprocess.STARTUPINFO object at 0x000002374DFC2190&gt;, creationflags = 0, shell = False, p2cread = -1
p2cwrite = -1, c2pread = -1, c2pwrite = -1, errread = -1, errwrite = -1, unused_restore_signals = True, unused_start_new_session = False

    def _execute_child(self, args, executable, preexec_fn, close_fds,
                       pass_fds, cwd, env,
                       startupinfo, creationflags, shell,
                       p2cread, p2cwrite,
                       c2pread, c2pwrite,
                       errread, errwrite,
                       unused_restore_signals, unused_start_new_session):
        """Execute program (MS Windows version)"""
    
        assert not pass_fds, "pass_fds not supported on Windows."
    
        if isinstance(args, str):
            pass
        elif isinstance(args, bytes):
            if shell:
                raise TypeError('bytes args is not allowed on Windows')
            args = list2cmdline([args])
        elif isinstance(args, os.PathLike):
            if shell:
                raise TypeError('path-like args is not allowed when '
                                'shell is true')
            args = list2cmdline([args])
        else:
            args = list2cmdline(args)
    
        if executable is not None:
            executable = os.fsdecode(executable)
    
        # Process startup details
        if startupinfo is None:
            startupinfo = STARTUPINFO()
        else:
            # bpo-34044: Copy STARTUPINFO since it is modified above,
            # so the caller can reuse it multiple times.
            startupinfo = startupinfo.copy()
    
        use_std_handles = -1 not in (p2cread, c2pwrite, errwrite)
        if use_std_handles:
            startupinfo.dwFlags |= _winapi.STARTF_USESTDHANDLES
            startupinfo.hStdInput = p2cread
            startupinfo.hStdOutput = c2pwrite
            startupinfo.hStdError = errwrite
    
        attribute_list = startupinfo.lpAttributeList
        have_handle_list = bool(attribute_list and
                                "handle_list" in attribute_list and
                                attribute_list["handle_list"])
    
        # If we were given an handle_list or need to create one
        if have_handle_list or (use_std_handles and close_fds):
            if attribute_list is None:
                attribute_list = startupinfo.lpAttributeList = {}
            handle_list = attribute_list["handle_list"] = \
                list(attribute_list.get("handle_list", []))
    
            if use_std_handles:
                handle_list += [int(p2cread), int(c2pwrite), int(errwrite)]
    
            handle_list[:] = self._filter_handle_list(handle_list)
    
            if handle_list:
                if not close_fds:
                    warnings.warn("startupinfo.lpAttributeList['handle_list'] "
                                  "overriding close_fds", RuntimeWarning)
    
                # When using the handle_list we always request to inherit
                # handles but the only handles that will be inherited are
                # the ones in the handle_list
                close_fds = False
    
        if shell:
            startupinfo.dwFlags |= _winapi.STARTF_USESHOWWINDOW
            startupinfo.wShowWindow = _winapi.SW_HIDE
            comspec = os.environ.get("COMSPEC", "cmd.exe")
            args = '{} /c "{}"'.format (comspec, args)
    
        if cwd is not None:
            cwd = os.fsdecode(cwd)
    
        sys.audit("subprocess.Popen", executable, args, cwd, env)
    
        # Start the process
        try:
&gt;           hp, ht, pid, tid = _winapi.CreateProcess(executable, args,
                                     # no special security
                                     None, None,
                                     int(not close_fds),
                                     creationflags,
                                     env,
                                     cwd,
                                     startupinfo)
E                                    OSError: [WinError 87] The parameter is incorrect

..\..\appdata\local\programs\python\python38\lib\subprocess.py:1311: OSError</error></testcase><testcase classname="tests.integration.test_argus" name="test_library_exists_no_auth" time="0.101"><error message="failed on setup with &quot;OSError: [WinError 87] The parameter is incorrect&quot;">args = (), kwargs = {}, var = 'mongo_bin', gen = &lt;generator object mongo_server at 0x000002374DC833C0&gt;

    @functools.wraps(f)
    def wrapper(*args, **kwargs):
        for var in vars_:
            if not getattr(cfg, var):
                pytest.skip("config variable {0} missing, skipping test".format(var))
        gen = f(*args, **kwargs)
&gt;       yield next(gen)

tests\config.py:54: 
[...]
                handle_list += [int(p2cread), int(c2pwrite), int(errwrite)]
    
            handle_list[:] = self._filter_handle_list(handle_list)
    
            if handle_list:
                if not close_fds:
                    warnings.warn("startupinfo.lpAttributeList['handle_list'] "
                                  "overriding close_fds", RuntimeWarning)
    
                # When using the handle_list we always request to inherit
                # handles but the only handles that will be inherited are
                # the ones in the handle_list
                close_fds = False
    
        if shell:
            startupinfo.dwFlags |= _winapi.STARTF_USESHOWWINDOW
            startupinfo.wShowWindow = _winapi.SW_HIDE
            comspec = os.environ.get("COMSPEC", "cmd.exe")
            args = '{} /c "{}"'.format (comspec, args)
    
        if cwd is not None:
            cwd = os.fsdecode(cwd)
    
        sys.audit("subprocess.Popen", executable, args, cwd, env)
    
        # Start the process
        try:
&gt;           hp, ht, pid, tid = _winapi.CreateProcess(executable, args,
                                     # no special security
                                     None, None,
                                     int(not close_fds),
                                     creationflags,
                                     env,
                                     cwd,
                                     startupinfo)
E                                    OSError: [WinError 87] The parameter is incorrect

..\..\appdata\local\programs\python\python38\lib\subprocess.py:1311: OSError</error></testcase><testcase classname="tests.integration.chunkstore.test_chunkstore" name="test_invalid_type" time="0.098"><error message="failed on setup with &quot;OSError: [WinError 87] The parameter is incorrect&quot;">args = (), kwargs = {}, var = 'mongo_bin', gen = &lt;generator object mongo_server at 0x000002370022F890&gt;

    @functools.wraps(f)
    def wrapper(*args, **kwargs):
        for var in vars_:
            if not getattr(cfg, var):
                pytest.skip("config variable {0} missing, skipping test".format(var))
        gen = f(*args, **kwargs)
&gt;       yield next(gen)

tests\config.py:54: 
_ _ _ _ _ _ _ _ _ _ _ _ _ _ _ _ _ _ _ _ _ _ _ _ _ _ _ _ _ _ _ _ _ _ _ _ _ _ _ _ _ _ _ _ _ _ _ _ _ _ _ _ _ _ _ _ _ _ _ _ _ _ _ _ _ _ _ _ _ _ _ _ _ _ _ _ _ _ _ _ _ _ _ _ _ _ _ _ _ _ _ _ _ _ _ _ _ _ _ _ _ _ _ _ _ _ _ _ _ _ _ _ _ _ _ _
tests\conftest.py:43: in mongo_server
    for server in _mongo_server():
tests\conftest.py:24: in _mongo_server
    test_server.start()
tests\base2.py:82: in start
    self._server.launch()
tests\thread.py:78: in launch
    self._proc = subprocess.Popen(run_cmd, env=self._env, cwd=self._cwd, **extra_args)
..\..\appdata\local\programs\python\python38\lib\subprocess.py:858: in __init__
    self._execute_child(args, executable, preexec_fn, close_fds,
_ _ _ _ _ _ _ _ _ _ _ _ _ _ _ _ _ _ _ _ _ _ _ _ _ _ _ _ _ _ _ _ _ _ _ _ _ _ _ _ _ _ _ _ _ _ _ _ _ _ _ _ _ _ _ _ _ _ _ _ _ _ _ _ _ _ _ _ _ _ _ _ _ _ _ _ _ _ _ _ _ _ _ _ _ _ _ _ _ _ _ _ _ _ _ _ _ _ _ _ _ _ _ _ _ _ _ _ _ _ _ _ _ _ _ _

self = &lt;subprocess.Popen object at 0x000002374E46C6A0&gt;, args = 'mongod --bind_ip=127.128.182.16 --port=26536 --syncdelay=0 --nojournal --quiet --dbpath=C:\\Users\\AABRAH~1\\AppData\\Local\\Temp\\tmpwxti2yur', executable = None
preexec_fn = None, close_fds = True, pass_fds = (), cwd = 'C:\\Users\\AAbrahams\\PycharmProjects\\argus', env = {}, startupinfo = &lt;subprocess.STARTUPINFO object at 0x000002374E46C040&gt;, creationflags = 0, shell = False, p2cread = -1
p2cwrite = -1, c2pread = -1, c2pwrite = -1, errread = -1, errwrite = -1, unused_restore_signals = True, unused_start_new_session = False

    def _execute_child(self, args, executable, preexec_fn, close_fds,
                       pass_fds, cwd, env,
                       startupinfo, creationflags, shell,
                       p2cread, p2cwrite,
                       c2pread, c2pwrite,
                       errread, errwrite,
                       unused_restore_signals, unused_start_new_session):
        """Execute program (MS Windows version)"""
    
        assert not pass_fds, "pass_fds not supported on Windows."
    
        if isinstance(args, str):
            pass
        elif isinstance(args, bytes):
            if shell:
                raise TypeError('bytes args is not allowed on Windows')
            args = list2cmdline([args])
        elif isinstance(args, os.PathLike):
            if shell:
                raise TypeError('path-like args is not allowed when '
                                'shell is true')
            args = list2cmdline([args])
        else:
            args = list2cmdline(args)
    
        if executable is not None:
            executable = os.fsdecode(executable)
    
        # Process startup details
        if startupinfo is None:
            startupinfo = STARTUPINFO()
        else:
            # bpo-34044: Copy STARTUPINFO since it is modified above,
            # so the caller can reuse it multiple times.
            startupinfo = startupinfo.copy()
    
        use_std_handles = -1 not in (p2cread, c2pwrite, errwrite)
        if use_std_handles:
            startupinfo.dwFlags |= _winapi.STARTF_USESTDHANDLES
            startupinfo.hStdInput = p2cread
            startupinfo.hStdOutput = c2pwrite
            startupinfo.hStdError = errwrite
    
        attribute_list = startupinfo.lpAttributeList
        have_handle_list = bool(attribute_list and
                                "handle_list" in attribute_list and
                                attribute_list["handle_list"])
    
        # If we were given an handle_list or need to create one
        if have_handle_list or (use_std_handles and close_fds):
            if attribute_list is None:
                attribute_list = startupinfo.lpAttributeList = {}
            handle_list = attribute_list["handle_list"] = \
                list(attribute_list.get("handle_list", []))
    
            if use_std_handles:
                handle_list += [int(p2cread), int(c2pwrite), int(errwrite)]
    
            handle_list[:] = self._filter_handle_list(handle_list)
    
            if handle_list:
                if not close_fds:
                    warnings.warn("startupinfo.lpAttributeList['handle_list'] "
                                  "overriding close_fds", RuntimeWarning)
    
                # When using the handle_list we always request to inherit
                # handles but the only handles that will be inherited are
                # the ones in the handle_list
                close_fds = False
    
        if shell:
            startupinfo.dwFlags |= _winapi.STARTF_USESHOWWINDOW
            startupinfo.wShowWindow = _winapi.SW_HIDE
            comspec = os.environ.get("COMSPEC", "cmd.exe")
            args = '{} /c "{}"'.format (comspec, args)
    
        if cwd is not None:
            cwd = os.fsdecode(cwd)
    
        sys.audit("subprocess.Popen", executable, args, cwd, env)
    
        # Start the process
        try:
&gt;           hp, ht, pid, tid = _winapi.CreateProcess(executable, args,
                                     # no special security
                                     None, None,
                                     int(not close_fds),
                                     creationflags,
                                     env,
                                     cwd,
                                     startupinfo)
E                                    OSError: [WinError 87] The parameter is incorrect

..\..\appdata\local\programs\python\python38\lib\subprocess.py:1311: OSError</error></testcase><testcase classname="tests.integration.chunkstore.test_chunkstore" name="test_append_no_data" time="0.100"><error message="failed on setup with &quot;OSError: [WinError 87] The parameter is incorrect&quot;">args = (), kwargs = {}, var = 'mongo_bin', gen = &lt;generator object mongo_server at 0x000002370022F820&gt;

    @functools.wraps(f)
    def wrapper(*args, **kwargs):
        for var in vars_:
            if not getattr(cfg, var):
                pytest.skip("config variable {0} missing, skipping test".format(var))
        gen = f(*args, **kwargs)
&gt;       yield next(gen)

tests\config.py:54: 
_ _ _ _ _ _ _ _ _ _ _ _ _ _ _ _ _ _ _ _ _ _ _ _ _ _ _ _ _ _ _ _ _ _ _ _ _ _ _ _ _ _ _ _ _ _ _ _ _ _ _ _ _ _ _ _ _ _ _ _ _ _ _ _ _ _ _ _ _ _ _ _ _ _ _ _ _ _ _ _ _ _ _ _ _ _ _ _ _ _ _ _ _ _ _ _ _ _ _ _ _ _ _ _ _ _ _ _ _ _ _ _ _ _ _ _
tests\conftest.py:43: in mongo_server
    for server in _mongo_server():
tests\conftest.py:24: in _mongo_server
    test_server.start()
tests\base2.py:82: in start
    self._server.launch()
tests\thread.py:78: in launch
    self._proc = subprocess.Popen(run_cmd, env=self._env, cwd=self._cwd, **extra_args)
..\..\appdata\local\programs\python\python38\lib\subprocess.py:858: in __init__
    self._execute_child(args, executable, preexec_fn, close_fds,
_ _ _ _ _ _ _ _ _ _ _ _ _ _ _ _ _ _ _ _ _ _ _ _ _ _ _ _ _ _ _ _ _ _ _ _ _ _ _ _ _ _ _ _ _ _ _ _ _ _ _ _ _ _ _ _ _ _ _ _ _ _ _ _ _ _ _ _ _ _ _ _ _ _ _ _ _ _ _ _ _ _ _ _ _ _ _ _ _ _ _ _ _ _ _ _ _ _ _ _ _ _ _ _ _ _ _ _ _ _ _ _ _ _ _ _

self = &lt;subprocess.Popen object at 0x00000237000CDAC0&gt;, args = 'mongod --bind_ip=127.128.182.16 --port=32749 --syncdelay=0 --nojournal --quiet --dbpath=C:\\Users\\AABRAH~1\\AppData\\Local\\Temp\\tmp368u7xj_', executable = None
preexec_fn = None, close_fds = True, pass_fds = (), cwd = 'C:\\Users\\AAbrahams\\PycharmProjects\\argus', env = {}, startupinfo = &lt;subprocess.STARTUPINFO object at 0x00000237000CDDC0&gt;, creationflags = 0, shell = False, p2cread = -1
p2cwrite = -1, c2pread = -1, c2pwrite = -1, errread = -1, errwrite = -1, unused_restore_signals = True, unused_start_new_session = False

    def _execute_child(self, args, executable, preexec_fn, close_fds,
                       pass_fds, cwd, env,
                       startupinfo, creationflags, shell,
                       p2cread, p2cwrite,
                       c2pread, c2pwrite,
                       errread, errwrite,
                       unused_restore_signals, unused_start_new_session):
        """Execute program (MS Windows version)"""
    
        assert not pass_fds, "pass_fds not supported on Windows."
    
        if isinstance(args, str):
            pass
        elif isinstance(args, bytes):
            if shell:
                raise TypeError('bytes args is not allowed on Windows')
            args = list2cmdline([args])
        elif isinstance(args, os.PathLike):
            if shell:
                raise TypeError('path-like args is not allowed when '
                                'shell is true')
            args = list2cmdline([args])
        else:
            args = list2cmdline(args)
    
        if executable is not None:
            executable = os.fsdecode(executable)
    
        # Process startup details
        if startupinfo is None:
            startupinfo = STARTUPINFO()
        else:
            # bpo-34044: Copy STARTUPINFO since it is modified above,
            # so the caller can reuse it multiple times.
            startupinfo = startupinfo.copy()
    
        use_std_handles = -1 not in (p2cread, c2pwrite, errwrite)
        if use_std_handles:
            startupinfo.dwFlags |= _winapi.STARTF_USESTDHANDLES
            startupinfo.hStdInput = p2cread
            startupinfo.hStdOutput = c2pwrite
            startupinfo.hStdError = errwrite
    
        attribute_list = startupinfo.lpAttributeList
        have_handle_list = bool(attribute_list and
                                "handle_list" in attribute_list and
                                attribute_list["handle_list"])
    
        # If we were given an handle_list or need to create one
        if have_handle_list or (use_std_handles and close_fds):
            if attribute_list is None:
                attribute_list = startupinfo.lpAttributeList = {}
            handle_list = attribute_list["handle_list"] = \
                list(attribute_list.get("handle_list", []))
    
            if use_std_handles:
                handle_list += [int(p2cread), int(c2pwrite), int(errwrite)]
    
            handle_list[:] = self._filter_handle_list(handle_list)
    
            if handle_list:
                if not close_fds:
                    warnings.warn("startupinfo.lpAttributeList['handle_list'] "
                                  "overriding close_fds", RuntimeWarning)
    
                # When using the handle_list we always request to inherit
                # handles but the only handles that will be inherited are
                # the ones in the handle_list
                close_fds = False
    
        if shell:
            startupinfo.dwFlags |= _winapi.STARTF_USESHOWWINDOW
            startupinfo.wShowWindow = _winapi.SW_HIDE
            comspec = os.environ.get("COMSPEC", "cmd.exe")
            args = '{} /c "{}"'.format (comspec, args)
    
        if cwd is not None:
            cwd = os.fsdecode(cwd)
    
        sys.audit("subprocess.Popen", executable, args, cwd, env)
    
        # Start the process
        try:
&gt;           hp, ht, pid, tid = _winapi.CreateProcess(executable, args,
                                     # no special security
                                     None, None,
                                     int(not close_fds),
                                     creationflags,
                                     env,
                                     cwd,
                                     startupinfo)
E                                    OSError: [WinError 87] The parameter is incorrect

..\..\appdata\local\programs\python\python38\lib\subprocess.py:1311: OSError</error></testcase><testcase classname="tests.integration.chunkstore.test_chunkstore" name="test_append_upsert" time="0.098"><error message="failed on setup with &quot;OSError: [WinError 87] The parameter is incorrect&quot;">args = (), kwargs = {}, var = 'mongo_bin', gen = &lt;generator object mongo_server at 0x00000237001A1350&gt;

    @functools.wraps(f)
    def wrapper(*args, **kwargs):
        for var in vars_:
            if not getattr(cfg, var):
                pytest.skip("config variable {0} missing, skipping test".format(var))
        gen = f(*args, **kwargs)
&gt;       yield next(gen)

tests\config.py:54: 
_ _ _ _ _ _ _ _ _ _ _ _ _ _ _ _ _ _ _ _ _ _ _ _ _ _ _ _ _ _ _ _ _ _ _ _ _ _ _ _ _ _ _ _ _ _ _ _ _ _ _ _ _ _ _ _ _ _ _ _ _ _ _ _ _ _ _ _ _ _ _ _ _ _ _ _ _ _ _ _ _ _ _ _ _ _ _ _ _ _ _ _ _ _ _ _ _ _ _ _ _ _ _ _ _ _ _ _ _ _ _ _ _ _ _ _
tests\conftest.py:43: in mongo_server
    for server in _mongo_server():
tests\conftest.py:24: in _mongo_server
    test_server.start()
tests\base2.py:82: in start
    self._server.launch()
tests\thread.py:78: in launch
    self._proc = subprocess.Popen(run_cmd, env=self._env, cwd=self._cwd, **extra_args)
..\..\appdata\local\programs\python\python38\lib\subprocess.py:858: in __init__
    self._execute_child(args, executable, preexec_fn, close_fds,
_ _ _ _ _ _ _ _ _ _ _ _ _ _ _ _ _ _ _ _ _ _ _ _ _ _ _ _ _ _ _ _ _ _ _ _ _ _ _ _ _ _ _ _ _ _ _ _ _ _ _ _ _ _ _ _ _ _ _ _ _ _ _ _ _ _ _ _ _ _ _ _ _ _ _ _ _ _ _ _ _ _ _ _ _ _ _ _ _ _ _ _ _ _ _ _ _ _ _ _ _ _ _ _ _ _ _ _ _ _ _ _ _ _ _ _

self = &lt;subprocess.Popen object at 0x000002374DE2BA00&gt;, args = 'mongod --bind_ip=127.128.182.16 --port=26733 --syncdelay=0 --nojournal --quiet --dbpath=C:\\Users\\AABRAH~1\\AppData\\Local\\Temp\\tmpm494ap00', executable = None
preexec_fn = None, close_fds = True, pass_fds = (), cwd = 'C:\\Users\\AAbrahams\\PycharmProjects\\argus', env = {}, startupinfo = &lt;subprocess.STARTUPINFO object at 0x000002374DE2B6A0&gt;, creationflags = 0, shell = False, p2cread = -1
p2cwrite = -1, c2pread = -1, c2pwrite = -1, errread = -1, errwrite = -1, unused_restore_signals = True, unused_start_new_session = False

    def _execute_child(self, args, executable, preexec_fn, close_fds,
                       pass_fds, cwd, env,
                       startupinfo, creationflags, shell,
                       p2cread, p2cwrite,
                       c2pread, c2pwrite,
                       errread, errwrite,
                       unused_restore_signals, unused_start_new_session):
        """Execute program (MS Windows version)"""
    
        assert not pass_fds, "pass_fds not supported on Windows."
    
        if isinstance(args, str):
            pass
        elif isinstance(args, bytes):
            if shell:
                raise TypeError('bytes args is not allowed on Windows')
            args = list2cmdline([args])
        elif isinstance(args, os.PathLike):
            if shell:
                raise TypeError('path-like args is not allowed when '
                                'shell is true')
            args = list2cmdline([args])
        else:
            args = list2cmdline(args)
    
        if executable is not None:
            executable = os.fsdecode(executable)
    
        # Process startup details
        if startupinfo is None:
            startupinfo = STARTUPINFO()
        else:
            # bpo-34044: Copy STARTUPINFO since it is modified above,
            # so the caller can reuse it multiple times.
            startupinfo = startupinfo.copy()
    
        use_std_handles = -1 not in (p2cread, c2pwrite, errwrite)
        if use_std_handles:
            startupinfo.dwFlags |= _winapi.STARTF_USESTDHANDLES
            startupinfo.hStdInput = p2cread
            startupinfo.hStdOutput = c2pwrite
            startupinfo.hStdError = errwrite
    
        attribute_list = startupinfo.lpAttributeList
        have_handle_list = bool(attribute_list and
                                "handle_list" in attribute_list and
                                attribute_list["handle_list"])
    
        # If we were given an handle_list or need to create one
        if have_handle_list or (use_std_handles and close_fds):
            if attribute_list is None:
                attribute_list = startupinfo.lpAttributeList = {}
            handle_list = attribute_list["handle_list"] = \
                list(attribute_list.get("handle_list", []))
    
            if use_std_handles:
                handle_list += [int(p2cread), int(c2pwrite), int(errwrite)]
    
            handle_list[:] = self._filter_handle_list(handle_list)
    
            if handle_list:
                if not close_fds:
                    warnings.warn("startupinfo.lpAttributeList['handle_list'] "
                                  "overriding close_fds", RuntimeWarning)
    
                # When using the handle_list we always request to inherit
                # handles but the only handles that will be inherited are
                # the ones in the handle_list
                close_fds = False
    
        if shell:
            startupinfo.dwFlags |= _winapi.STARTF_USESHOWWINDOW
            startupinfo.wShowWindow = _winapi.SW_HIDE
            comspec = os.environ.get("COMSPEC", "cmd.exe")
            args = '{} /c "{}"'.format (comspec, args)
    
        if cwd is not None:
            cwd = os.fsdecode(cwd)
    
        sys.audit("subprocess.Popen", executable, args, cwd, env)
    
        # Start the process
        try:
&gt;           hp, ht, pid, tid = _winapi.CreateProcess(executable, args,
                                     # no special security
                                     None, None,
                                     int(not close_fds),
                                     creationflags,
                                     env,
                                     cwd,
                                     startupinfo)
E                                    OSError: [WinError 87] The parameter is incorrect

..\..\appdata\local\programs\python\python38\lib\subprocess.py:1311: OSError</error></testcase></testsuite></testsuites>